<?xml version="1.0" encoding="UTF-8"?>
<!-- Generated by org.testng.reporters.JUnitXMLReporter -->
<testsuite ignored="14" hostname="DESKTOP-FQP51SE" failures="0" tests="1" name="FirefoxTest2" time="9.428" errors="0" timestamp="2023-11-04T20:39:02 EDT">
  <testcase classname="selenium.testng.PageTest" name="checkDragNDrop" time="0.742"/>
  <testcase classname="selenium.testng.PageTest" name="checkPerformanceCheckBox" time="0.0">
    <ignored/>
  </testcase> <!-- checkPerformanceCheckBox -->
  <testcase classname="selenium.testng.PageTest" name="checkHoverSubmitButton" time="0.0">
    <ignored/>
  </testcase> <!-- checkHoverSubmitButton -->
  <testcase classname="selenium.testng.PageTest" name="checkFemaleRadioButton" time="0.0">
    <ignored/>
  </testcase> <!-- checkFemaleRadioButton -->
  <testcase classname="selenium.testng.PageTest" name="checkBoldText" time="0.0">
    <ignored/>
  </testcase> <!-- checkBoldText -->
  <testcase classname="selenium.testng.PageTest" name="checkDoubleClickButton" time="0.0">
    <ignored/>
  </testcase> <!-- checkDoubleClickButton -->
  <testcase classname="selenium.testng.PageTest" name="checkAlertBoxButton" time="0.0">
    <ignored/>
  </testcase> <!-- checkAlertBoxButton -->
  <testcase classname="selenium.testng.PageTest" name="checkOnClickSubmitButton" time="0.0">
    <ignored/>
  </testcase> <!-- checkOnClickSubmitButton -->
  <testcase classname="selenium.testng.PageTest" name="checkDropDown" time="0.0">
    <ignored/>
  </testcase> <!-- checkDropDown -->
  <testcase classname="selenium.testng.PageTest" name="checkAutomationCheckBox" time="0.0">
    <ignored/>
  </testcase> <!-- checkAutomationCheckBox -->
  <testcase classname="selenium.testng.PageTest" name="checkLinkAddress" time="0.0">
    <ignored/>
  </testcase> <!-- checkLinkAddress -->
  <testcase classname="selenium.testng.PageTest" name="checkMaleRadioButton" time="0.0">
    <ignored/>
  </testcase> <!-- checkMaleRadioButton -->
  <testcase classname="selenium.testng.PageTest" name="setupTextBox" time="0.0">
    <ignored/>
  </testcase> <!-- setupTextBox -->
  <testcase classname="selenium.testng.PageTest" name="checkTextBox" time="0.0">
    <ignored/>
  </testcase> <!-- checkTextBox -->
  <testcase classname="selenium.testng.PageTest" name="checkConfirmBoxButton" time="0.0">
    <ignored/>
  </testcase> <!-- checkConfirmBoxButton -->
</testsuite> <!-- FirefoxTest2 -->
