<?xml version="1.0" encoding="UTF-8"?>
<!-- Generated by org.testng.reporters.JUnitXMLReporter -->
<testsuite ignored="1" hostname="DESKTOP-FQP51SE" failures="0" tests="14" name="FirefoxTest" time="63.227" errors="0" timestamp="2023-11-04T20:38:53 EDT">
  <testcase classname="selenium.testng.PageTest" name="checkAlertBoxButton" time="0.189"/>
  <testcase classname="selenium.testng.PageTest" name="checkBoldText" time="0.061"/>
  <testcase classname="selenium.testng.PageTest" name="checkDoubleClickButton" time="0.304"/>
  <testcase classname="selenium.testng.PageTest" name="checkFemaleRadioButton" time="0.294"/>
  <testcase classname="selenium.testng.PageTest" name="checkHoverSubmitButton" time="0.055"/>
  <testcase classname="selenium.testng.PageTest" name="checkPerformanceCheckBox" time="0.513"/>
  <testcase classname="selenium.testng.PageTest" name="setupTextBox" time="0.238"/>
  <testcase classname="selenium.testng.PageTest" name="checkAutomationCheckBox" time="0.599"/>
  <testcase classname="selenium.testng.PageTest" name="checkConfirmBoxButton" time="0.24"/>
  <testcase classname="selenium.testng.PageTest" name="checkDropDown" time="0.995"/>
  <testcase classname="selenium.testng.PageTest" name="checkLinkAddress" time="0.022"/>
  <testcase classname="selenium.testng.PageTest" name="checkMaleRadioButton" time="0.274"/>
  <testcase classname="selenium.testng.PageTest" name="checkOnClickSubmitButton" time="0.312"/>
  <testcase classname="selenium.testng.PageTest" name="checkTextBox" time="0.025"/>
  <testcase classname="selenium.testng.PageTest" name="checkDragNDrop" time="0.0">
    <ignored/>
  </testcase> <!-- checkDragNDrop -->
</testsuite> <!-- FirefoxTest -->
